<?xml version="1.0" encoding="UTF-8"?>
<testng-results ignored="0" total="2" passed="2" failed="0" skipped="0">
  <reporter-output>
  </reporter-output>
  <suite started-at="2023-03-16T00:56:29 IST" name="Default suite" finished-at="2023-03-16T00:56:29 IST" duration-ms="128">
    <groups>
    </groups>
    <test started-at="2023-03-16T00:56:29 IST" name="Default test" finished-at="2023-03-16T00:56:29 IST" duration-ms="128">
      <class name="tests.TestExec">
        <test-method signature="validateForeignPlayers()[pri:0, instance:tests.TestExec@378542de]" started-at="2023-03-16T00:56:29 IST" name="validateForeignPlayers" finished-at="2023-03-16T00:56:29 IST" duration-ms="29" status="PASS">
          <reporter-output>
          </reporter-output>
        </test-method> <!-- validateForeignPlayers -->
        <test-method signature="validateWeeketKeeper()[pri:0, instance:tests.TestExec@378542de]" started-at="2023-03-16T00:56:29 IST" name="validateWeeketKeeper" finished-at="2023-03-16T00:56:29 IST" duration-ms="11" status="PASS">
          <reporter-output>
          </reporter-output>
        </test-method> <!-- validateWeeketKeeper -->
      </class> <!-- tests.TestExec -->
    </test> <!-- Default test -->
  </suite> <!-- Default suite -->
</testng-results>
