<?xml version="1.0" encoding="UTF-8"?>
<!-- Generated by org.testng.reporters.JUnitXMLReporter -->
<testsuite ignored="0" hostname="LAPTOP-B7BBN453" failures="1" tests="1" name="Regression" time="0.043" errors="0" timestamp="15 Mar 2023 10:28:12 GMT">
  <testcase classname="tests.JsonTest" name="validateForeignPlayers" time="0.0">
    <failure type="org.testng.TestNGException" message="
Cannot inject @Test annotated Method [validateForeignPlayers] with [class org.json.simple.JSONObject].
For more information on native dependency injection please refer to http://testng.org/doc/documentation-main.html#native-dependency-injection">
      <![CDATA[org.testng.TestNGException: 
Cannot inject @Test annotated Method [validateForeignPlayers] with [class org.json.simple.JSONObject].
For more information on native dependency injection please refer to http://testng.org/doc/documentation-main.html#native-dependency-injection
... Removed 24 stack frames]]>
    </failure>
  </testcase> <!-- validateForeignPlayers -->
</testsuite> <!-- Regression -->
